2025-11-23 03:14:36.603 -03:00 [WRN] The WebRootPath was not found: D:\GS-dotnet\GS\wwwroot. Static files may be unavailable.
2025-11-23 03:14:38.190 -03:00 [ERR] An unhandled exception has occurred while executing the request.
System.InvalidOperationException: Unable to resolve service for type 'Swashbuckle.AspNetCore.Swagger.ISwaggerProvider' while attempting to Invoke middleware 'Swashbuckle.AspNetCore.Swagger.SwaggerMiddleware'.
   at Microsoft.AspNetCore.Builder.UseMiddlewareExtensions.GetService(IServiceProvider sp, Type type, Type middleware)
   at lambda_method2(Closure, Object, HttpContext, IServiceProvider)
   at Microsoft.AspNetCore.StaticFiles.StaticFileMiddleware.Invoke(HttpContext context)
   at Microsoft.AspNetCore.Diagnostics.DeveloperExceptionPageMiddlewareImpl.Invoke(HttpContext context)
2025-11-23 03:14:38.474 -03:00 [ERR] An unhandled exception has occurred while executing the request.
System.InvalidOperationException: Unable to resolve service for type 'Swashbuckle.AspNetCore.Swagger.ISwaggerProvider' while attempting to Invoke middleware 'Swashbuckle.AspNetCore.Swagger.SwaggerMiddleware'.
   at Microsoft.AspNetCore.Builder.UseMiddlewareExtensions.GetService(IServiceProvider sp, Type type, Type middleware)
   at lambda_method2(Closure, Object, HttpContext, IServiceProvider)
   at Microsoft.AspNetCore.StaticFiles.StaticFileMiddleware.TryServeStaticFile(HttpContext context, String contentType, PathString subPath)
   at Microsoft.AspNetCore.StaticFiles.StaticFileMiddleware.Invoke(HttpContext context)
   at Microsoft.AspNetCore.Diagnostics.DeveloperExceptionPageMiddlewareImpl.Invoke(HttpContext context)
2025-11-23 03:23:40.015 -03:00 [WRN] The WebRootPath was not found: D:\GS-dotnet\GS\wwwroot. Static files may be unavailable.
2025-11-23 03:23:41.653 -03:00 [ERR] An unhandled exception has occurred while executing the request.
System.InvalidOperationException: Unable to resolve service for type 'Swashbuckle.AspNetCore.Swagger.ISwaggerProvider' while attempting to Invoke middleware 'Swashbuckle.AspNetCore.Swagger.SwaggerMiddleware'.
   at Microsoft.AspNetCore.Builder.UseMiddlewareExtensions.GetService(IServiceProvider sp, Type type, Type middleware)
   at lambda_method2(Closure, Object, HttpContext, IServiceProvider)
   at Microsoft.AspNetCore.StaticFiles.StaticFileMiddleware.Invoke(HttpContext context)
   at Microsoft.AspNetCore.Diagnostics.DeveloperExceptionPageMiddlewareImpl.Invoke(HttpContext context)
2025-11-23 03:23:42.012 -03:00 [ERR] An unhandled exception has occurred while executing the request.
System.InvalidOperationException: Unable to resolve service for type 'Swashbuckle.AspNetCore.Swagger.ISwaggerProvider' while attempting to Invoke middleware 'Swashbuckle.AspNetCore.Swagger.SwaggerMiddleware'.
   at Microsoft.AspNetCore.Builder.UseMiddlewareExtensions.GetService(IServiceProvider sp, Type type, Type middleware)
   at lambda_method2(Closure, Object, HttpContext, IServiceProvider)
   at Microsoft.AspNetCore.StaticFiles.StaticFileMiddleware.TryServeStaticFile(HttpContext context, String contentType, PathString subPath)
   at Microsoft.AspNetCore.StaticFiles.StaticFileMiddleware.Invoke(HttpContext context)
   at Microsoft.AspNetCore.Diagnostics.DeveloperExceptionPageMiddlewareImpl.Invoke(HttpContext context)
2025-11-23 03:23:52.958 -03:00 [ERR] An unhandled exception has occurred while executing the request.
System.InvalidOperationException: Unable to resolve service for type 'Swashbuckle.AspNetCore.Swagger.ISwaggerProvider' while attempting to Invoke middleware 'Swashbuckle.AspNetCore.Swagger.SwaggerMiddleware'.
   at Microsoft.AspNetCore.Builder.UseMiddlewareExtensions.GetService(IServiceProvider sp, Type type, Type middleware)
   at lambda_method2(Closure, Object, HttpContext, IServiceProvider)
   at Microsoft.AspNetCore.StaticFiles.StaticFileMiddleware.Invoke(HttpContext context)
   at Microsoft.AspNetCore.Diagnostics.DeveloperExceptionPageMiddlewareImpl.Invoke(HttpContext context)
2025-11-23 03:23:53.004 -03:00 [ERR] An unhandled exception has occurred while executing the request.
System.InvalidOperationException: Unable to resolve service for type 'Swashbuckle.AspNetCore.Swagger.ISwaggerProvider' while attempting to Invoke middleware 'Swashbuckle.AspNetCore.Swagger.SwaggerMiddleware'.
   at Microsoft.AspNetCore.Builder.UseMiddlewareExtensions.GetService(IServiceProvider sp, Type type, Type middleware)
   at lambda_method2(Closure, Object, HttpContext, IServiceProvider)
   at Microsoft.AspNetCore.StaticFiles.StaticFileMiddleware.TryServeStaticFile(HttpContext context, String contentType, PathString subPath)
   at Microsoft.AspNetCore.StaticFiles.StaticFileMiddleware.Invoke(HttpContext context)
   at Microsoft.AspNetCore.Diagnostics.DeveloperExceptionPageMiddlewareImpl.Invoke(HttpContext context)
2025-11-23 03:26:18.266 -03:00 [WRN] The WebRootPath was not found: D:\GS-dotnet\GS\wwwroot. Static files may be unavailable.
2025-11-23 03:26:19.536 -03:00 [INF] HTTP GET / responded 404 in 212.7219 ms
2025-11-23 03:26:23.857 -03:00 [INF] HTTP GET / responded 404 in 1.2804 ms
